0 verbose cli D:\Program Files\nodejs\node.exe D:\Program Files\nodejs\node_modules\npm\bin\npm-cli.js
1 info using npm@11.16.0
2 info using node@v24.18.0
3 silly config load:file:D:\Program Files\nodejs\node_modules\npm\npmrc
4 silly config load:file:C:\Users\lenovo\Desktop\yolov8-driving-perception\.npmrc
5 silly config load:file:C:\Users\lenovo\.npmrc
6 silly config load:file:D:\Program Files\nodejs\node_global\etc\npmrc
7 verbose title npm install esbuild@0.25.5
8 verbose argv "install" "esbuild@0.25.5" "--cache" "./.npm-cache"
9 verbose logfile logs-max:10 dir:C:\Users\lenovo\Desktop\yolov8-driving-perception\.npm-cache\_logs\2026-07-07T01_59_50_784Z-
10 verbose logfile C:\Users\lenovo\Desktop\yolov8-driving-perception\.npm-cache\_logs\2026-07-07T01_59_50_784Z-debug-0.log
11 silly logfile done cleaning log files
12 silly allow-scripts no package.json at prefix Could not read package.json: Error: ENOENT: no such file or directory, open 'C:\Users\lenovo\Desktop\yolov8-driving-perception\package.json'
13 silly packumentCache heap:4496293888 maxSize:1124073472 maxEntrySize:562036736
14 silly idealTree buildDeps
15 silly fetch manifest esbuild@0.25.5
16 silly packumentCache full:https://registry.npmmirror.com/esbuild cache-miss
17 http fetch GET 200 https://registry.npmmirror.com/esbuild 347ms (cache miss)
18 silly packumentCache full:https://registry.npmmirror.com/esbuild set size:214167 disposed:false
19 silly placeDep ROOT esbuild@0.25.5 OK for:  want: 0.25.5
20 silly fetch manifest @esbuild/aix-ppc64@0.25.5
21 silly packumentCache full:https://registry.npmmirror.com/@esbuild%2faix-ppc64 cache-miss
22 silly fetch manifest @esbuild/android-arm@0.25.5
23 silly packumentCache full:https://registry.npmmirror.com/@esbuild%2fandroid-arm cache-miss
24 silly fetch manifest @esbuild/android-arm64@0.25.5
25 silly packumentCache full:https://registry.npmmirror.com/@esbuild%2fandroid-arm64 cache-miss
26 silly fetch manifest @esbuild/android-x64@0.25.5
27 silly packumentCache full:https://registry.npmmirror.com/@esbuild%2fandroid-x64 cache-miss
28 silly fetch manifest @esbuild/darwin-arm64@0.25.5
29 silly packumentCache full:https://registry.npmmirror.com/@esbuild%2fdarwin-arm64 cache-miss
30 silly fetch manifest @esbuild/darwin-x64@0.25.5
31 silly packumentCache full:https://registry.npmmirror.com/@esbuild%2fdarwin-x64 cache-miss
32 silly fetch manifest @esbuild/freebsd-arm64@0.25.5
33 silly packumentCache full:https://registry.npmmirror.com/@esbuild%2ffreebsd-arm64 cache-miss
34 silly fetch manifest @esbuild/freebsd-x64@0.25.5
35 silly packumentCache full:https://registry.npmmirror.com/@esbuild%2ffreebsd-x64 cache-miss
36 silly fetch manifest @esbuild/linux-arm@0.25.5
37 silly packumentCache full:https://registry.npmmirror.com/@esbuild%2flinux-arm cache-miss
38 silly fetch manifest @esbuild/linux-arm64@0.25.5
39 silly packumentCache full:https://registry.npmmirror.com/@esbuild%2flinux-arm64 cache-miss
40 silly fetch manifest @esbuild/linux-ia32@0.25.5
41 silly packumentCache full:https://registry.npmmirror.com/@esbuild%2flinux-ia32 cache-miss
42 silly fetch manifest @esbuild/linux-loong64@0.25.5
43 silly packumentCache full:https://registry.npmmirror.com/@esbuild%2flinux-loong64 cache-miss
44 silly fetch manifest @esbuild/linux-mips64el@0.25.5
45 silly packumentCache full:https://registry.npmmirror.com/@esbuild%2flinux-mips64el cache-miss
46 silly fetch manifest @esbuild/linux-ppc64@0.25.5
47 silly packumentCache full:https://registry.npmmirror.com/@esbuild%2flinux-ppc64 cache-miss
48 silly fetch manifest @esbuild/linux-riscv64@0.25.5
49 silly packumentCache full:https://registry.npmmirror.com/@esbuild%2flinux-riscv64 cache-miss
50 silly fetch manifest @esbuild/linux-s390x@0.25.5
51 silly packumentCache full:https://registry.npmmirror.com/@esbuild%2flinux-s390x cache-miss
52 silly fetch manifest @esbuild/linux-x64@0.25.5
53 silly packumentCache full:https://registry.npmmirror.com/@esbuild%2flinux-x64 cache-miss
54 silly fetch manifest @esbuild/netbsd-arm64@0.25.5
55 silly packumentCache full:https://registry.npmmirror.com/@esbuild%2fnetbsd-arm64 cache-miss
56 silly fetch manifest @esbuild/netbsd-x64@0.25.5
57 silly packumentCache full:https://registry.npmmirror.com/@esbuild%2fnetbsd-x64 cache-miss
58 silly fetch manifest @esbuild/openbsd-arm64@0.25.5
59 silly packumentCache full:https://registry.npmmirror.com/@esbuild%2fopenbsd-arm64 cache-miss
60 silly fetch manifest @esbuild/openbsd-x64@0.25.5
61 silly packumentCache full:https://registry.npmmirror.com/@esbuild%2fopenbsd-x64 cache-miss
62 silly fetch manifest @esbuild/sunos-x64@0.25.5
63 silly packumentCache full:https://registry.npmmirror.com/@esbuild%2fsunos-x64 cache-miss
64 silly fetch manifest @esbuild/win32-arm64@0.25.5
65 silly packumentCache full:https://registry.npmmirror.com/@esbuild%2fwin32-arm64 cache-miss
66 http fetch GET 200 https://registry.npmmirror.com/@esbuild%2faix-ppc64 71ms (cache miss)
67 silly packumentCache full:https://registry.npmmirror.com/@esbuild%2faix-ppc64 set size:15785 disposed:false
68 silly fetch manifest @esbuild/win32-ia32@0.25.5
69 silly packumentCache full:https://registry.npmmirror.com/@esbuild%2fwin32-ia32 cache-miss
70 http fetch GET 200 https://registry.npmmirror.com/@esbuild%2flinux-s390x 173ms (cache miss)
71 silly packumentCache full:https://registry.npmmirror.com/@esbuild%2flinux-s390x set size:60325 disposed:false
72 silly fetch manifest @esbuild/win32-x64@0.25.5
73 silly packumentCache full:https://registry.npmmirror.com/@esbuild%2fwin32-x64 cache-miss
74 http fetch GET 200 https://registry.npmmirror.com/@esbuild%2fdarwin-arm64 226ms (cache miss)
75 silly packumentCache full:https://registry.npmmirror.com/@esbuild%2fdarwin-arm64 set size:60532 disposed:false
76 http fetch GET 200 https://registry.npmmirror.com/@esbuild%2fnetbsd-arm64 224ms (cache miss)
77 silly packumentCache full:https://registry.npmmirror.com/@esbuild%2fnetbsd-arm64 set size:10184 disposed:false
78 http fetch GET 200 https://registry.npmmirror.com/@esbuild%2flinux-ppc64 228ms (cache miss)
79 silly packumentCache full:https://registry.npmmirror.com/@esbuild%2flinux-ppc64 set size:60121 disposed:false
80 http fetch GET 200 https://registry.npmmirror.com/@esbuild%2flinux-riscv64 229ms (cache miss)
81 silly packumentCache full:https://registry.npmmirror.com/@esbuild%2flinux-riscv64 set size:60289 disposed:false
82 http fetch GET 200 https://registry.npmmirror.com/@esbuild%2flinux-ia32 232ms (cache miss)
83 silly packumentCache full:https://registry.npmmirror.com/@esbuild%2flinux-ia32 set size:60380 disposed:false
84 http fetch GET 200 https://registry.npmmirror.com/@esbuild%2flinux-arm 233ms (cache miss)
85 silly packumentCache full:https://registry.npmmirror.com/@esbuild%2flinux-arm set size:59680 disposed:false
86 http fetch GET 200 https://registry.npmmirror.com/@esbuild%2fandroid-arm 237ms (cache miss)
87 silly packumentCache full:https://registry.npmmirror.com/@esbuild%2fandroid-arm set size:70421 disposed:false
88 http fetch GET 200 https://registry.npmmirror.com/@esbuild%2ffreebsd-x64 237ms (cache miss)
89 silly packumentCache full:https://registry.npmmirror.com/@esbuild%2ffreebsd-x64 set size:60409 disposed:false
90 http fetch GET 200 https://registry.npmmirror.com/@esbuild%2flinux-loong64 238ms (cache miss)
91 silly packumentCache full:https://registry.npmmirror.com/@esbuild%2flinux-loong64 set size:79758 disposed:false
92 http fetch GET 200 https://registry.npmmirror.com/@esbuild%2fopenbsd-arm64 258ms (cache miss)
93 silly packumentCache full:https://registry.npmmirror.com/@esbuild%2fopenbsd-arm64 set size:11367 disposed:false
94 http fetch GET 200 https://registry.npmmirror.com/@esbuild%2flinux-mips64el 275ms (cache miss)
95 silly packumentCache full:https://registry.npmmirror.com/@esbuild%2flinux-mips64el set size:60397 disposed:false
96 http fetch GET 200 https://registry.npmmirror.com/@esbuild%2fandroid-arm64 288ms (cache miss)
97 silly packumentCache full:https://registry.npmmirror.com/@esbuild%2fandroid-arm64 set size:60900 disposed:false
98 http fetch GET 200 https://registry.npmmirror.com/@esbuild%2ffreebsd-arm64 292ms (cache miss)
99 silly packumentCache full:https://registry.npmmirror.com/@esbuild%2ffreebsd-arm64 set size:60088 disposed:false
100 http fetch GET 200 https://registry.npmmirror.com/@esbuild%2fandroid-x64 295ms (cache miss)
101 silly packumentCache full:https://registry.npmmirror.com/@esbuild%2fandroid-x64 set size:60271 disposed:false
102 http fetch GET 200 https://registry.npmmirror.com/@esbuild%2fsunos-x64 305ms (cache miss)
103 silly packumentCache full:https://registry.npmmirror.com/@esbuild%2fsunos-x64 set size:60322 disposed:false
104 http fetch GET 200 https://registry.npmmirror.com/@esbuild%2fwin32-ia32 239ms (cache miss)
105 silly packumentCache full:https://registry.npmmirror.com/@esbuild%2fwin32-ia32 set size:60821 disposed:false
106 http fetch GET 200 https://registry.npmmirror.com/@esbuild%2fopenbsd-x64 320ms (cache miss)
107 silly packumentCache full:https://registry.npmmirror.com/@esbuild%2fopenbsd-x64 set size:60346 disposed:false
108 http fetch GET 200 https://registry.npmmirror.com/@esbuild%2flinux-x64 324ms (cache miss)
109 silly packumentCache full:https://registry.npmmirror.com/@esbuild%2flinux-x64 set size:60112 disposed:false
110 http fetch GET 200 https://registry.npmmirror.com/@esbuild%2fwin32-x64 150ms (cache miss)
111 silly packumentCache full:https://registry.npmmirror.com/@esbuild%2fwin32-x64 set size:60249 disposed:false
112 http fetch GET 200 https://registry.npmmirror.com/@esbuild%2fwin32-arm64 325ms (cache miss)
113 silly packumentCache full:https://registry.npmmirror.com/@esbuild%2fwin32-arm64 set size:60312 disposed:false
114 http fetch GET 200 https://registry.npmmirror.com/@esbuild%2flinux-arm64 336ms (cache miss)
115 silly packumentCache full:https://registry.npmmirror.com/@esbuild%2flinux-arm64 set size:60136 disposed:false
116 http fetch GET 200 https://registry.npmmirror.com/@esbuild%2fnetbsd-x64 344ms (cache miss)
117 silly packumentCache full:https://registry.npmmirror.com/@esbuild%2fnetbsd-x64 set size:60463 disposed:false
118 http fetch GET 200 https://registry.npmmirror.com/@esbuild%2fdarwin-x64 365ms (cache miss)
119 silly packumentCache full:https://registry.npmmirror.com/@esbuild%2fdarwin-x64 set size:60184 disposed:false
120 silly placeDep ROOT @esbuild/aix-ppc64@0.25.5 OK for: esbuild@0.25.5 want: 0.25.5
121 silly placeDep ROOT @esbuild/android-arm@0.25.5 OK for: esbuild@0.25.5 want: 0.25.5
122 silly placeDep ROOT @esbuild/android-arm64@0.25.5 OK for: esbuild@0.25.5 want: 0.25.5
123 silly placeDep ROOT @esbuild/android-x64@0.25.5 OK for: esbuild@0.25.5 want: 0.25.5
124 silly placeDep ROOT @esbuild/darwin-arm64@0.25.5 OK for: esbuild@0.25.5 want: 0.25.5
125 silly placeDep ROOT @esbuild/darwin-x64@0.25.5 OK for: esbuild@0.25.5 want: 0.25.5
126 silly placeDep ROOT @esbuild/freebsd-arm64@0.25.5 OK for: esbuild@0.25.5 want: 0.25.5
127 silly placeDep ROOT @esbuild/freebsd-x64@0.25.5 OK for: esbuild@0.25.5 want: 0.25.5
128 silly placeDep ROOT @esbuild/linux-arm@0.25.5 OK for: esbuild@0.25.5 want: 0.25.5
129 silly placeDep ROOT @esbuild/linux-arm64@0.25.5 OK for: esbuild@0.25.5 want: 0.25.5
130 silly placeDep ROOT @esbuild/linux-ia32@0.25.5 OK for: esbuild@0.25.5 want: 0.25.5
131 silly placeDep ROOT @esbuild/linux-loong64@0.25.5 OK for: esbuild@0.25.5 want: 0.25.5
132 silly placeDep ROOT @esbuild/linux-mips64el@0.25.5 OK for: esbuild@0.25.5 want: 0.25.5
133 silly placeDep ROOT @esbuild/linux-ppc64@0.25.5 OK for: esbuild@0.25.5 want: 0.25.5
134 silly placeDep ROOT @esbuild/linux-riscv64@0.25.5 OK for: esbuild@0.25.5 want: 0.25.5
135 silly placeDep ROOT @esbuild/linux-s390x@0.25.5 OK for: esbuild@0.25.5 want: 0.25.5
136 silly placeDep ROOT @esbuild/linux-x64@0.25.5 OK for: esbuild@0.25.5 want: 0.25.5
137 silly placeDep ROOT @esbuild/netbsd-arm64@0.25.5 OK for: esbuild@0.25.5 want: 0.25.5
138 silly placeDep ROOT @esbuild/netbsd-x64@0.25.5 OK for: esbuild@0.25.5 want: 0.25.5
139 silly placeDep ROOT @esbuild/openbsd-arm64@0.25.5 OK for: esbuild@0.25.5 want: 0.25.5
140 silly placeDep ROOT @esbuild/openbsd-x64@0.25.5 OK for: esbuild@0.25.5 want: 0.25.5
141 silly placeDep ROOT @esbuild/sunos-x64@0.25.5 OK for: esbuild@0.25.5 want: 0.25.5
142 silly placeDep ROOT @esbuild/win32-arm64@0.25.5 OK for: esbuild@0.25.5 want: 0.25.5
143 silly placeDep ROOT @esbuild/win32-ia32@0.25.5 OK for: esbuild@0.25.5 want: 0.25.5
144 silly placeDep ROOT @esbuild/win32-x64@0.25.5 OK for: esbuild@0.25.5 want: 0.25.5
145 silly reify moves {}
146 http cache @esbuild/win32-x64@https://registry.npmmirror.com/@esbuild/win32-x64/-/win32-x64-0.25.5.tgz 1ms (cache hit)
147 http cache esbuild@https://registry.npmmirror.com/esbuild/-/esbuild-0.25.5.tgz 0ms (cache hit)
148 silly tarball no local data for @esbuild/win32-x64@https://registry.npmmirror.com/@esbuild/win32-x64/-/win32-x64-0.25.5.tgz. Extracting by manifest.
149 silly tarball no local data for esbuild@https://registry.npmmirror.com/esbuild/-/esbuild-0.25.5.tgz. Extracting by manifest.
150 http fetch GET 200 https://cdn.npmmirror.com/packages/esbuild/0.25.5/esbuild-0.25.5.tgz 185ms (cache miss)
151 http fetch GET 200 https://cdn.npmmirror.com/packages/%40esbuild/win32-x64/0.25.5/win32-x64-0.25.5.tgz 5001ms (cache miss)
152 info run esbuild@0.25.5 postinstall node_modules/esbuild node install.js
153 info run esbuild@0.25.5 postinstall { code: 0, signal: null }
154 silly ADD node_modules/@esbuild/win32-x64
155 silly ADD node_modules/esbuild
156 warn allow-scripts 1 package has install scripts not yet covered by allowScripts:
156 warn allow-scripts   esbuild@0.25.5 (postinstall: node install.js)
156 warn allow-scripts
156 warn allow-scripts Run `npm approve-scripts --allow-scripts-pending` to review, or `npm approve-scripts <pkg>` to allow.
157 verbose cwd C:\Users\lenovo\Desktop\yolov8-driving-perception
158 verbose os Windows_NT 10.0.26200
159 verbose node v24.18.0
160 verbose npm  v11.16.0
161 verbose exit 0
162 info ok
