0 verbose cli D:\Program Files\nodejs\node.exe D:\Program Files\nodejs\node_modules\npm\bin\npm-cli.js
1 info using npm@11.16.0
2 info using node@v24.18.0
3 silly config load:file:D:\Program Files\nodejs\node_modules\npm\npmrc
4 silly config load:file:C:\Users\lenovo\Desktop\yolov8-driving-perception\.npmrc
5 silly config load:file:C:\Users\lenovo\.npmrc
6 silly config load:file:D:\Program Files\nodejs\node_global\etc\npmrc
7 verbose title npm install
8 verbose argv "install" "--cache" "./.npm-cache"
9 verbose logfile logs-max:10 dir:C:\Users\lenovo\Desktop\yolov8-driving-perception\.npm-cache\_logs\2026-07-07T01_58_46_471Z-
10 verbose logfile C:\Users\lenovo\Desktop\yolov8-driving-perception\.npm-cache\_logs\2026-07-07T01_58_46_471Z-debug-0.log
11 silly logfile done cleaning log files
12 silly allow-scripts no package.json at prefix Could not read package.json: Error: ENOENT: no such file or directory, open 'C:\Users\lenovo\Desktop\yolov8-driving-perception\package.json'
13 silly packumentCache heap:4496293888 maxSize:1124073472 maxEntrySize:562036736
14 silly idealTree buildDeps
15 silly reify moves {}
16 verbose stack Error: Could not read package.json: Error: ENOENT: no such file or directory, open 'C:\Users\lenovo\Desktop\yolov8-driving-perception\package.json'
16 verbose stack     at async open (node:internal/fs/promises:640:25)
16 verbose stack     at async readFile (node:internal/fs/promises:1290:14)
16 verbose stack     at async read (D:\Program Files\nodejs\node_modules\npm\node_modules\@npmcli\package-json\lib\read-package.js:9:18)
16 verbose stack     at async PackageJson.load (D:\Program Files\nodejs\node_modules\npm\node_modules\@npmcli\package-json\lib\index.js:131:31)
16 verbose stack     at async PackageJson.normalize (D:\Program Files\nodejs\node_modules\npm\node_modules\@npmcli\package-json\lib\index.js:117:5)
16 verbose stack     at async runScript (D:\Program Files\nodejs\node_modules\npm\node_modules\@npmcli\run-script\lib\run-script.js:11:28)
16 verbose stack     at async Install.exec (D:\Program Files\nodejs\node_modules\npm\lib\commands\install.js:170:9)
16 verbose stack     at async Npm.exec (D:\Program Files\nodejs\node_modules\npm\lib\npm.js:193:9)
16 verbose stack     at async module.exports (D:\Program Files\nodejs\node_modules\npm\lib\cli\entry.js:67:5)
17 error code ENOENT
18 error syscall open
19 error path C:\Users\lenovo\Desktop\yolov8-driving-perception\package.json
20 error errno -4058
21 error enoent Could not read package.json: Error: ENOENT: no such file or directory, open 'C:\Users\lenovo\Desktop\yolov8-driving-perception\package.json'
22 error enoent This is related to npm not being able to find a file.
22 error enoent
23 verbose cwd C:\Users\lenovo\Desktop\yolov8-driving-perception
24 verbose os Windows_NT 10.0.26200
25 verbose node v24.18.0
26 verbose npm  v11.16.0
27 verbose exit -4058
28 verbose code -4058
29 error A complete log of this run can be found in: C:\Users\lenovo\Desktop\yolov8-driving-perception\.npm-cache\_logs\2026-07-07T01_58_46_471Z-debug-0.log
